<?xml version="1.0" encoding="UTF-8"?>
<!-- Generated by org.testng.reporters.JUnitReportReporter -->
<testsuite hostname="DESKTOP-ST0J4FM" failures="0" tests="2" name="qaclickacademy.RestAPI" time="0.030" errors="0" timestamp="2021-06-20T13:12:49 IST" skipped="0">
  <testcase classname="qaclickacademy.RestAPI" name="deletetwitter" time="0.007"/>
  <system-out/>
  <testcase classname="qaclickacademy.RestAPI" name="Postjira" time="0.023"/>
  <system-out/>
</testsuite> <!-- qaclickacademy.RestAPI -->
